2026-03-11 19:00:48,827 - core.i18n_manager - INFO - Loaded translations for zh_CN
2026-03-11 19:01:18,070 - core.i18n_manager - INFO - Loaded translations for tr
2026-03-11 19:08:41,129 - urllib3.connectionpool - WARNING - Connection pool is full, discarding connection: image.kunqiongai.com. Connection pool size: 10
2026-03-11 19:08:46,925 - urllib3.connectionpool - WARNING - Connection pool is full, discarding connection: image.kunqiongai.com. Connection pool size: 10
2026-03-11 19:08:46,925 - urllib3.connectionpool - WARNING - Connection pool is full, discarding connection: image.kunqiongai.com. Connection pool size: 10
2026-03-11 19:08:46,925 - urllib3.connectionpool - WARNING - Connection pool is full, discarding connection: image.kunqiongai.com. Connection pool size: 10
2026-03-11 19:08:46,925 - urllib3.connectionpool - WARNING - Connection pool is full, discarding connection: image.kunqiongai.com. Connection pool size: 10
2026-03-11 19:08:46,925 - urllib3.connectionpool - WARNING - Connection pool is full, discarding connection: image.kunqiongai.com. Connection pool size: 10
2026-03-11 19:08:46,926 - urllib3.connectionpool - WARNING - Connection pool is full, discarding connection: image.kunqiongai.com. Connection pool size: 10
2026-03-11 19:08:46,926 - urllib3.connectionpool - WARNING - Connection pool is full, discarding connection: image.kunqiongai.com. Connection pool size: 10
2026-03-11 19:10:59,731 - urllib3.connectionpool - WARNING - Connection pool is full, discarding connection: image.kunqiongai.com. Connection pool size: 10
2026-03-11 19:11:27,656 - urllib3.connectionpool - WARNING - Connection pool is full, discarding connection: image.kunqiongai.com. Connection pool size: 10
2026-03-11 19:11:29,628 - urllib3.connectionpool - WARNING - Connection pool is full, discarding connection: image.kunqiongai.com. Connection pool size: 10
2026-03-11 19:11:30,795 - urllib3.connectionpool - WARNING - Connection pool is full, discarding connection: image.kunqiongai.com. Connection pool size: 10
2026-03-11 19:12:49,343 - core.i18n_manager - INFO - Loaded translations for zh_CN
2026-03-11 19:12:49,343 - core.i18n_manager - INFO - Loaded translations for tr
2026-03-11 19:13:20,407 - core.i18n_manager - INFO - Loaded translations for zh_CN
2026-03-11 19:15:28,830 - core.i18n_manager - INFO - Loaded translations for zh_CN
2026-03-11 19:17:14,368 - core.i18n_manager - INFO - Loaded translations for zh_CN
2026-03-11 19:19:59,531 - urllib3.connectionpool - WARNING - Connection pool is full, discarding connection: image.kunqiongai.com. Connection pool size: 10
2026-03-11 19:19:59,609 - urllib3.connectionpool - WARNING - Connection pool is full, discarding connection: image.kunqiongai.com. Connection pool size: 10
2026-03-11 19:20:18,058 - urllib3.connectionpool - WARNING - Connection pool is full, discarding connection: image.kunqiongai.com. Connection pool size: 10
2026-03-11 19:20:36,867 - urllib3.connectionpool - WARNING - Connection pool is full, discarding connection: image.kunqiongai.com. Connection pool size: 10
2026-03-11 19:20:40,167 - urllib3.connectionpool - WARNING - Connection pool is full, discarding connection: image.kunqiongai.com. Connection pool size: 10
2026-03-11 19:21:52,709 - urllib3.connectionpool - WARNING - Connection pool is full, discarding connection: image.kunqiongai.com. Connection pool size: 10
2026-03-11 19:21:52,709 - urllib3.connectionpool - WARNING - Connection pool is full, discarding connection: image.kunqiongai.com. Connection pool size: 10
2026-03-11 19:21:52,710 - urllib3.connectionpool - WARNING - Connection pool is full, discarding connection: image.kunqiongai.com. Connection pool size: 10
2026-03-11 19:21:52,710 - urllib3.connectionpool - WARNING - Connection pool is full, discarding connection: image.kunqiongai.com. Connection pool size: 10
2026-03-11 19:21:52,710 - urllib3.connectionpool - WARNING - Connection pool is full, discarding connection: image.kunqiongai.com. Connection pool size: 10
2026-03-11 19:21:52,710 - urllib3.connectionpool - WARNING - Connection pool is full, discarding connection: image.kunqiongai.com. Connection pool size: 10
2026-03-11 19:21:52,710 - urllib3.connectionpool - WARNING - Connection pool is full, discarding connection: image.kunqiongai.com. Connection pool size: 10
2026-03-11 19:21:53,055 - urllib3.connectionpool - WARNING - Connection pool is full, discarding connection: image.kunqiongai.com. Connection pool size: 10
2026-03-11 19:25:00,217 - urllib3.connectionpool - WARNING - Connection pool is full, discarding connection: image.kunqiongai.com. Connection pool size: 10
2026-03-11 19:25:01,308 - urllib3.connectionpool - WARNING - Connection pool is full, discarding connection: image.kunqiongai.com. Connection pool size: 10
2026-03-11 19:25:07,138 - urllib3.connectionpool - WARNING - Connection pool is full, discarding connection: image.kunqiongai.com. Connection pool size: 10
2026-03-11 19:25:10,652 - urllib3.connectionpool - WARNING - Connection pool is full, discarding connection: image.kunqiongai.com. Connection pool size: 10
2026-03-11 19:25:21,331 - urllib3.connectionpool - WARNING - Connection pool is full, discarding connection: image.kunqiongai.com. Connection pool size: 10
2026-03-11 19:26:44,427 - urllib3.connectionpool - WARNING - Connection pool is full, discarding connection: image.kunqiongai.com. Connection pool size: 10
2026-03-11 19:28:10,620 - urllib3.connectionpool - WARNING - Connection pool is full, discarding connection: image.kunqiongai.com. Connection pool size: 10
2026-03-11 19:28:19,258 - urllib3.connectionpool - WARNING - Connection pool is full, discarding connection: image.kunqiongai.com. Connection pool size: 10
2026-03-11 19:28:24,463 - urllib3.connectionpool - WARNING - Connection pool is full, discarding connection: image.kunqiongai.com. Connection pool size: 10
2026-03-11 19:28:25,290 - urllib3.connectionpool - WARNING - Connection pool is full, discarding connection: image.kunqiongai.com. Connection pool size: 10
2026-03-11 19:28:25,398 - urllib3.connectionpool - WARNING - Connection pool is full, discarding connection: image.kunqiongai.com. Connection pool size: 10
2026-03-11 19:28:38,179 - urllib3.connectionpool - WARNING - Connection pool is full, discarding connection: image.kunqiongai.com. Connection pool size: 10
2026-03-11 19:30:14,848 - urllib3.connectionpool - WARNING - Connection pool is full, discarding connection: image.kunqiongai.com. Connection pool size: 10
2026-03-11 19:30:18,744 - urllib3.connectionpool - WARNING - Connection pool is full, discarding connection: image.kunqiongai.com. Connection pool size: 10
2026-03-11 19:30:24,959 - urllib3.connectionpool - WARNING - Connection pool is full, discarding connection: image.kunqiongai.com. Connection pool size: 10
2026-03-11 19:32:16,484 - urllib3.connectionpool - WARNING - Connection pool is full, discarding connection: image.kunqiongai.com. Connection pool size: 10
2026-03-11 19:32:17,175 - urllib3.connectionpool - WARNING - Connection pool is full, discarding connection: image.kunqiongai.com. Connection pool size: 10
2026-03-11 19:32:19,029 - urllib3.connectionpool - WARNING - Connection pool is full, discarding connection: image.kunqiongai.com. Connection pool size: 10
2026-03-11 19:32:21,077 - urllib3.connectionpool - WARNING - Connection pool is full, discarding connection: image.kunqiongai.com. Connection pool size: 10
2026-03-11 19:32:27,859 - urllib3.connectionpool - WARNING - Connection pool is full, discarding connection: image.kunqiongai.com. Connection pool size: 10
2026-03-11 19:32:28,870 - urllib3.connectionpool - WARNING - Connection pool is full, discarding connection: image.kunqiongai.com. Connection pool size: 10
2026-03-11 19:40:21,448 - urllib3.connectionpool - WARNING - Connection pool is full, discarding connection: image.kunqiongai.com. Connection pool size: 10
2026-03-11 19:40:37,348 - urllib3.connectionpool - WARNING - Connection pool is full, discarding connection: image.kunqiongai.com. Connection pool size: 10
2026-03-11 19:41:11,225 - urllib3.connectionpool - WARNING - Connection pool is full, discarding connection: image.kunqiongai.com. Connection pool size: 10
2026-03-11 19:41:36,333 - urllib3.connectionpool - WARNING - Connection pool is full, discarding connection: image.kunqiongai.com. Connection pool size: 10
2026-03-11 19:41:39,187 - urllib3.connectionpool - WARNING - Connection pool is full, discarding connection: image.kunqiongai.com. Connection pool size: 10
2026-03-11 19:42:08,391 - urllib3.connectionpool - WARNING - Connection pool is full, discarding connection: image.kunqiongai.com. Connection pool size: 10
2026-03-11 19:42:10,629 - urllib3.connectionpool - WARNING - Connection pool is full, discarding connection: image.kunqiongai.com. Connection pool size: 10
2026-03-11 19:42:11,158 - urllib3.connectionpool - WARNING - Connection pool is full, discarding connection: image.kunqiongai.com. Connection pool size: 10
2026-03-11 19:45:09,598 - urllib3.connectionpool - WARNING - Connection pool is full, discarding connection: image.kunqiongai.com. Connection pool size: 10
2026-03-11 19:45:09,864 - urllib3.connectionpool - WARNING - Connection pool is full, discarding connection: image.kunqiongai.com. Connection pool size: 10
2026-03-11 19:45:09,910 - urllib3.connectionpool - WARNING - Connection pool is full, discarding connection: image.kunqiongai.com. Connection pool size: 10
2026-03-11 19:45:09,972 - urllib3.connectionpool - WARNING - Connection pool is full, discarding connection: image.kunqiongai.com. Connection pool size: 10
2026-03-11 19:45:10,344 - urllib3.connectionpool - WARNING - Connection pool is full, discarding connection: image.kunqiongai.com. Connection pool size: 10
2026-03-11 19:45:10,467 - urllib3.connectionpool - WARNING - Connection pool is full, discarding connection: image.kunqiongai.com. Connection pool size: 10
2026-03-11 19:48:30,659 - urllib3.connectionpool - WARNING - Connection pool is full, discarding connection: image.kunqiongai.com. Connection pool size: 10
2026-03-11 19:48:31,051 - urllib3.connectionpool - WARNING - Connection pool is full, discarding connection: image.kunqiongai.com. Connection pool size: 10
2026-03-11 19:49:57,855 - urllib3.connectionpool - WARNING - Connection pool is full, discarding connection: image.kunqiongai.com. Connection pool size: 10
2026-03-11 19:53:05,674 - urllib3.connectionpool - WARNING - Connection pool is full, discarding connection: image.kunqiongai.com. Connection pool size: 10
2026-03-11 19:53:06,343 - urllib3.connectionpool - WARNING - Connection pool is full, discarding connection: image.kunqiongai.com. Connection pool size: 10
2026-03-11 19:53:07,495 - urllib3.connectionpool - WARNING - Connection pool is full, discarding connection: image.kunqiongai.com. Connection pool size: 10
2026-03-11 19:53:10,310 - urllib3.connectionpool - WARNING - Connection pool is full, discarding connection: image.kunqiongai.com. Connection pool size: 10
2026-03-11 19:58:20,460 - urllib3.connectionpool - WARNING - Connection pool is full, discarding connection: image.kunqiongai.com. Connection pool size: 10
2026-03-11 19:58:20,522 - urllib3.connectionpool - WARNING - Connection pool is full, discarding connection: image.kunqiongai.com. Connection pool size: 10
2026-03-11 19:58:27,387 - urllib3.connectionpool - WARNING - Connection pool is full, discarding connection: image.kunqiongai.com. Connection pool size: 10
2026-03-11 19:59:11,332 - urllib3.connectionpool - WARNING - Connection pool is full, discarding connection: image.kunqiongai.com. Connection pool size: 10
2026-03-11 20:00:46,298 - urllib3.connectionpool - WARNING - Connection pool is full, discarding connection: image.kunqiongai.com. Connection pool size: 10
2026-03-11 20:11:09,733 - urllib3.connectionpool - WARNING - Connection pool is full, discarding connection: image.kunqiongai.com. Connection pool size: 10
2026-03-11 20:11:09,734 - urllib3.connectionpool - WARNING - Connection pool is full, discarding connection: image.kunqiongai.com. Connection pool size: 10
2026-03-11 20:11:10,292 - urllib3.connectionpool - WARNING - Connection pool is full, discarding connection: image.kunqiongai.com. Connection pool size: 10
2026-03-11 20:16:19,333 - urllib3.connectionpool - WARNING - Connection pool is full, discarding connection: image.kunqiongai.com. Connection pool size: 10
2026-03-11 20:16:51,201 - urllib3.connectionpool - WARNING - Connection pool is full, discarding connection: image.kunqiongai.com. Connection pool size: 10
2026-03-11 20:17:24,170 - urllib3.connectionpool - WARNING - Connection pool is full, discarding connection: image.kunqiongai.com. Connection pool size: 10
2026-03-11 20:17:29,945 - urllib3.connectionpool - WARNING - Connection pool is full, discarding connection: image.kunqiongai.com. Connection pool size: 10
2026-03-11 20:17:37,376 - urllib3.connectionpool - WARNING - Connection pool is full, discarding connection: image.kunqiongai.com. Connection pool size: 10
2026-03-11 20:17:40,978 - urllib3.connectionpool - WARNING - Connection pool is full, discarding connection: image.kunqiongai.com. Connection pool size: 10
2026-03-11 20:17:46,407 - urllib3.connectionpool - WARNING - Connection pool is full, discarding connection: image.kunqiongai.com. Connection pool size: 10
2026-03-12 10:14:46,569 - core.i18n_manager - INFO - Loaded translations for zh_CN
2026-03-12 10:19:31,004 - core.i18n_manager - INFO - Loaded translations for zh_CN
2026-03-12 10:55:06,128 - core.i18n_manager - INFO - Loaded translations for zh_CN
2026-03-12 10:55:43,700 - core.i18n_manager - INFO - Loaded translations for bn
2026-03-12 10:57:55,192 - core.i18n_manager - INFO - Loaded translations for zh_CN
2026-03-12 10:57:55,194 - core.i18n_manager - INFO - Loaded translations for bn
2026-03-12 11:00:19,883 - core.i18n_manager - INFO - Loaded translations for hi
2026-03-12 11:00:23,356 - core.i18n_manager - INFO - Loaded translations for pt
2026-03-12 11:00:28,980 - core.i18n_manager - INFO - Loaded translations for zh_TW
2026-03-12 11:04:17,824 - core.i18n_manager - INFO - Loaded translations for ja
2026-03-12 11:04:29,297 - core.i18n_manager - INFO - Loaded translations for fr
2026-03-12 14:48:33,433 - core.i18n_manager - INFO - Loaded translations for zh_CN
2026-03-12 14:48:33,439 - core.i18n_manager - INFO - Loaded translations for fr
2026-03-12 15:01:29,786 - core.i18n_manager - INFO - Loaded translations for zh_CN
2026-03-12 15:01:29,786 - core.i18n_manager - INFO - Loaded translations for fr
